2.0240 	WARNING 	We strongly recommend you activate the PTB sound engine in PsychoPy prefs as the preferred audio engine. Its timing is vastly superior. Your prefs are currently set to use ['sounddevice', 'PTB', 'pyo', 'pygame'] (in that order).
14.1248 	WARNING 	User requested fullscreen with size [1024  768], but screen is actually [1920, 1080]. Using actual size
15.7192 	EXP 	Created window1 = Window(allowGUI=True, allowStencil=False, autoLog=True, backendConf=UNKNOWN, bitsMode=UNKNOWN, blendMode='avg', bpc=(8, 8, 8), color=array([0, 0, 0]), colorSpace='rgb', depthBits=8, fullscr=<method-wrapper '__getattribute__' of attributeSetter object at 0x000001D3A35AC0A0>, gamma=None, gammaErrorPolicy='raise', lms=UNKNOWN, monitor=<psychopy.monitors.calibTools.Monitor object at 0x000001D3A7F7BF10>, multiSample=False, name='window1', numSamples=2, pos=(0, 0), screen=0, size=array([1920, 1080]), stencilBits=0, stereo=False, units='height', useFBO=True, useRetina=False, viewOri=0.0, viewPos=None, viewScale=None, waitBlanking=True, winType='pyglet')
15.7193 	EXP 	window1: mouseVisible = True
15.7194 	EXP 	window1: mouseVisible = False
15.7195 	EXP 	window1: Attempting to measure frame rate of screen (0) ...
15.7195 	EXP 	window1: recordFrameIntervals = False
15.8853 	EXP 	window1: recordFrameIntervals = True
16.0686 	EXP 	Screen (0) actual frame rate measured at 60.08Hz
16.0686 	EXP 	window1: recordFrameIntervals = False
19.0007 	EXP 	Created polygon = ShapeStim(__class__=<class 'psychopy.visual.shape.ShapeStim'>, anchor=('center', 'center'), autoDraw=False, autoLog=True, closeShape=True, color=method-wrapper(...), colorSpace='rgb', contrast=None, depth=0.0, fillColor=array([1, 1, 1]), fillColorSpace='rgb', fillRGB=array([1, 1, 1]), interpolate=True, lineColor=array([1, 1, 1]), lineColorSpace='rgb', lineRGB=array([1, 1, 1]), lineWidth=1.0, name='polygon', opacity=1.0, ori=0.0, pos=array([0., 0.]), size=array([0.2, 0.2]), units='height', vertices=ndarray(...), win=Window(...), windingRule=None)
19.0042 	EXP 	Created polygon_2 = ShapeStim(__class__=<class 'psychopy.visual.shape.ShapeStim'>, anchor=('center', 'center'), autoDraw=False, autoLog=True, closeShape=True, color=method-wrapper(...), colorSpace='rgb', contrast=None, depth=-1.0, fillColor=array([-1.    ,  0.0039, -1.    ]), fillColorSpace='rgb', fillRGB=array([-1.    ,  0.0039, -1.    ]), interpolate=True, lineColor=array([-1.    ,  0.0039, -1.    ]), lineColorSpace='rgb', lineRGB=array([-1.    ,  0.0039, -1.    ]), lineWidth=1.0, name='polygon_2', opacity=1.0, ori=0.0, pos=array([0., 0.]), size=array([0.2, 0.2]), units='height', vertices=ndarray(...), win=Window(...), windingRule=None)
19.1285 	EXP 	Sound sound_1 set volume 1.000
19.3910 	EXP 	Created text = TextStim(__class__=<class 'psychopy.visual.text.TextStim'>, alignHoriz=method-wrapper(...), alignText='center', alignVert=method-wrapper(...), anchorHoriz='center', anchorVert='center', antialias=True, autoDraw=False, autoLog=True, bold=False, color=array([1, 1, 1]), colorSpace='rgb', contrast=1.0, depth=0.0, flipHoriz=False, flipVert=False, font='Open Sans', fontFiles=[], height=0.05, italic=False, languageStyle='LTR', name='text', opacity=1.0, ori=0.0, pos=array([0. , 0.3]), rgb=UNKNOWN, text=str(...), units='height', win=Window(...), wrapWidth=1)
19.4524 	EXP 	window1: mouseVisible = True
19.4589 	EXP 	Imported Cond_IntentionalBinding.xlsx as conditions, 12 conditions, 3 params
19.4595 	EXP 	Created sequence: random, trialTypes=12, nReps=5, seed=None
19.4597 	EXP 	New trial (rep=0, index=0): {'delay': 0.1, 'freq': 1000, 'condition': 'exp'}
19.4713 	EXP 	textbox: autoLog = True
19.4713 	EXP 	polygon: autoDraw = True
20.4516 	EXP 	polygon_2: autoDraw = True
20.4849 	EXP 	polygon: autoDraw = False
21.3376 	DATA 	Keypress: space
21.3603 	EXP 	polygon: autoDraw = False
21.3603 	EXP 	polygon_2: autoDraw = False
21.7519 	EXP 	text: autoDraw = True
21.7519 	EXP 	textbox: autoDraw = True
25.9859 	DATA 	Keypress: 4
26.1353 	DATA 	Keypress: 0
26.3020 	DATA 	Keypress: 0
30.5355 	DATA 	Mouse: Left button down, pos=(1056,181)
30.5372 	EXP 	New trial (rep=0, index=1): {'delay': 0.1, 'freq': 1000, 'condition': 'exp'}
30.5520 	EXP 	text: autoDraw = False
30.5520 	EXP 	textbox: autoDraw = False
30.5520 	EXP 	polygon: autoDraw = True
30.6696 	DATA 	Mouse:  Left button up, pos=(1056,181)
31.5513 	EXP 	polygon: autoDraw = False
31.5513 	EXP 	polygon_2: autoDraw = True
33.0873 	DATA 	Keypress: space
33.1013 	EXP 	polygon: autoDraw = False
33.1013 	EXP 	polygon_2: autoDraw = False
33.5013 	EXP 	text: autoDraw = True
33.5013 	EXP 	textbox: autoDraw = True
38.1685 	DATA 	Keypress: 3
38.3016 	DATA 	Keypress: 0
38.4850 	DATA 	Keypress: 0
39.5026 	DATA 	Mouse: Left button down, pos=(1056,181)
39.5038 	EXP 	New trial (rep=0, index=2): {'delay': 0.7, 'freq': 1000, 'condition': 'exp'}
39.5184 	EXP 	text: autoDraw = False
39.5184 	EXP 	textbox: autoDraw = False
39.5184 	EXP 	polygon: autoDraw = True
39.6362 	DATA 	Mouse:  Left button up, pos=(1056,181)
40.5179 	EXP 	polygon: autoDraw = False
40.5179 	EXP 	polygon_2: autoDraw = True
41.3210 	DATA 	Keypress: space
41.3346 	EXP 	polygon: autoDraw = False
41.3346 	EXP 	polygon_2: autoDraw = False
42.3346 	EXP 	text: autoDraw = True
42.3346 	EXP 	textbox: autoDraw = True
46.0685 	DATA 	Keypress: 8
46.2519 	DATA 	Keypress: 5
46.4351 	DATA 	Keypress: 0
47.8173 	DATA 	Mouse: Left button down, pos=(1056,181)
47.8353 	EXP 	New trial (rep=0, index=3): {'delay': 0.4, 'freq': 1000, 'condition': 'exp'}
47.8515 	EXP 	text: autoDraw = False
47.8515 	EXP 	textbox: autoDraw = False
47.8515 	EXP 	polygon: autoDraw = True
47.9532 	DATA 	Mouse:  Left button up, pos=(1056,181)
48.8351 	EXP 	polygon_2: autoDraw = True
48.8517 	EXP 	polygon: autoDraw = False
49.9041 	DATA 	Keypress: space
49.9179 	EXP 	polygon: autoDraw = False
49.9179 	EXP 	polygon_2: autoDraw = False
50.6182 	EXP 	text: autoDraw = True
50.6182 	EXP 	textbox: autoDraw = True
52.9683 	DATA 	Keypress: 5
53.1015 	DATA 	Keypress: 0
53.2849 	DATA 	Keypress: 0
54.2350 	DATA 	Mouse: Left button down, pos=(1056,181)
54.2363 	EXP 	New trial (rep=0, index=4): {'delay': 0.7, 'freq': 400, 'condition': 'unexp'}
54.2509 	EXP 	text: autoDraw = False
54.2509 	EXP 	textbox: autoDraw = False
54.2509 	EXP 	polygon: autoDraw = True
54.3694 	DATA 	Mouse:  Left button up, pos=(1056,181)
55.2511 	EXP 	polygon: autoDraw = False
55.2511 	EXP 	polygon_2: autoDraw = True
55.9032 	DATA 	Keypress: space
55.9176 	EXP 	polygon: autoDraw = False
55.9176 	EXP 	polygon_2: autoDraw = False
56.9176 	EXP 	text: autoDraw = True
56.9176 	EXP 	textbox: autoDraw = True
58.7228 	DATA 	Keypress: 8
59.0853 	DATA 	Keypress: 0
59.2512 	DATA 	Keypress: 0
60.2018 	DATA 	Mouse: Left button down, pos=(1056,181)
60.2031 	EXP 	New trial (rep=0, index=5): {'delay': 0.4, 'freq': 1000, 'condition': 'exp'}
60.2175 	EXP 	text: autoDraw = False
60.2175 	EXP 	textbox: autoDraw = False
60.2175 	EXP 	polygon: autoDraw = True
60.3368 	DATA 	Mouse:  Left button up, pos=(1056,181)
61.2184 	EXP 	polygon: autoDraw = False
61.2184 	EXP 	polygon_2: autoDraw = True
62.1030 	DATA 	Keypress: space
62.1176 	EXP 	polygon: autoDraw = False
62.1176 	EXP 	polygon_2: autoDraw = False
62.8175 	EXP 	text: autoDraw = True
62.8175 	EXP 	textbox: autoDraw = True
64.2848 	DATA 	Keypress: 2
65.2720 	DATA 	Keypress: 5
65.4215 	DATA 	Keypress: 0
66.7013 	DATA 	Mouse: Left button down, pos=(1056,181)
66.7025 	EXP 	New trial (rep=0, index=6): {'delay': 0.1, 'freq': 1000, 'condition': 'exp'}
66.7174 	EXP 	text: autoDraw = False
66.7174 	EXP 	textbox: autoDraw = False
66.7174 	EXP 	polygon: autoDraw = True
66.8359 	DATA 	Mouse:  Left button up, pos=(1056,181)
67.7173 	EXP 	polygon: autoDraw = False
67.7173 	EXP 	polygon_2: autoDraw = True
68.4699 	DATA 	Keypress: space
68.4841 	EXP 	polygon: autoDraw = False
68.4841 	EXP 	polygon_2: autoDraw = False
68.8842 	EXP 	text: autoDraw = True
68.8842 	EXP 	textbox: autoDraw = True
70.7512 	DATA 	Keypress: 1
71.1012 	DATA 	Keypress: 0
71.2850 	DATA 	Keypress: 0
72.7222 	DATA 	Mouse: Left button down, pos=(1056,181)
72.7354 	EXP 	New trial (rep=0, index=7): {'delay': 0.1, 'freq': 400, 'condition': 'unexp'}
72.7506 	EXP 	text: autoDraw = False
72.7506 	EXP 	textbox: autoDraw = False
72.7506 	EXP 	polygon: autoDraw = True
72.8529 	DATA 	Mouse:  Left button up, pos=(1056,181)
73.7345 	EXP 	polygon_2: autoDraw = True
73.7511 	EXP 	polygon: autoDraw = False
74.0861 	DATA 	Keypress: space
74.1005 	EXP 	polygon: autoDraw = False
74.1005 	EXP 	polygon_2: autoDraw = False
74.5014 	EXP 	text: autoDraw = True
74.5014 	EXP 	textbox: autoDraw = True
76.1010 	DATA 	Keypress: 3
76.9681 	DATA 	Keypress: 5
77.0848 	DATA 	Keypress: 0
78.3852 	DATA 	Mouse: Left button down, pos=(1056,181)
78.3865 	EXP 	New trial (rep=0, index=8): {'delay': 0.7, 'freq': 1000, 'condition': 'exp'}
78.4011 	EXP 	text: autoDraw = False
78.4011 	EXP 	textbox: autoDraw = False
78.4011 	EXP 	polygon: autoDraw = True
78.5189 	DATA 	Mouse:  Left button up, pos=(1056,181)
79.4007 	EXP 	polygon: autoDraw = False
79.4007 	EXP 	polygon_2: autoDraw = True
80.4693 	DATA 	Keypress: space
80.4839 	EXP 	polygon: autoDraw = False
80.4839 	EXP 	polygon_2: autoDraw = False
81.4838 	EXP 	text: autoDraw = True
81.4838 	EXP 	textbox: autoDraw = True
83.0009 	DATA 	Keypress: 6
84.2009 	DATA 	Keypress: 7
84.3680 	DATA 	Keypress: 5
85.7573 	DATA 	Mouse: Left button down, pos=(1056,181)
85.7693 	EXP 	New trial (rep=0, index=9): {'delay': 0.7, 'freq': 1000, 'condition': 'exp'}
85.7840 	EXP 	text: autoDraw = False
85.7840 	EXP 	textbox: autoDraw = False
85.7840 	EXP 	polygon: autoDraw = True
85.8855 	DATA 	Mouse:  Left button up, pos=(1056,181)
86.7838 	EXP 	polygon: autoDraw = False
86.7838 	EXP 	polygon_2: autoDraw = True
87.8694 	DATA 	Keypress: space
87.8837 	EXP 	polygon: autoDraw = False
87.8837 	EXP 	polygon_2: autoDraw = False
88.8836 	EXP 	text: autoDraw = True
88.8836 	EXP 	textbox: autoDraw = True
90.6877 	DATA 	Keypress: 5
90.8692 	DATA 	Keypress: 5
91.0009 	DATA 	Keypress: 0
91.9343 	DATA 	Mouse: Left button down, pos=(1056,181)
91.9356 	EXP 	New trial (rep=0, index=10): {'delay': 0.4, 'freq': 400, 'condition': 'unexp'}
91.9502 	EXP 	text: autoDraw = False
91.9502 	EXP 	textbox: autoDraw = False
91.9502 	EXP 	polygon: autoDraw = True
92.0684 	DATA 	Mouse:  Left button up, pos=(1056,181)
92.9502 	EXP 	polygon: autoDraw = False
92.9502 	EXP 	polygon_2: autoDraw = True
93.7357 	DATA 	Keypress: space
93.7503 	EXP 	polygon: autoDraw = False
93.7503 	EXP 	polygon_2: autoDraw = False
94.4502 	EXP 	text: autoDraw = True
94.4502 	EXP 	textbox: autoDraw = True
97.3843 	DATA 	Keypress: 4
97.4881 	DATA 	Keypress: 0
97.6840 	DATA 	Keypress: 0
99.1012 	DATA 	Mouse: Left button down, pos=(1056,181)
99.1026 	EXP 	New trial (rep=0, index=11): {'delay': 0.4, 'freq': 1000, 'condition': 'exp'}
99.1168 	EXP 	text: autoDraw = False
99.1168 	EXP 	textbox: autoDraw = False
99.1168 	EXP 	polygon: autoDraw = True
99.2348 	DATA 	Mouse:  Left button up, pos=(1056,181)
100.1168 	EXP 	polygon: autoDraw = False
100.1168 	EXP 	polygon_2: autoDraw = True
101.4355 	DATA 	Keypress: space
101.4500 	EXP 	polygon: autoDraw = False
101.4500 	EXP 	polygon_2: autoDraw = False
102.1335 	EXP 	text: autoDraw = True
102.1335 	EXP 	textbox: autoDraw = True
103.3514 	DATA 	Keypress: 3
103.8209 	DATA 	Keypress: 5
103.9673 	DATA 	Keypress: 0
104.9844 	DATA 	Mouse: Left button down, pos=(1056,181)
104.9857 	EXP 	New trial (rep=1, index=0): {'delay': 0.4, 'freq': 1000, 'condition': 'exp'}
105.0000 	EXP 	text: autoDraw = False
105.0000 	EXP 	textbox: autoDraw = False
105.0000 	EXP 	polygon: autoDraw = True
105.1181 	DATA 	Mouse:  Left button up, pos=(1056,181)
106.0000 	EXP 	polygon: autoDraw = False
106.0000 	EXP 	polygon_2: autoDraw = True
106.5023 	DATA 	Keypress: space
106.5167 	EXP 	polygon: autoDraw = False
106.5167 	EXP 	polygon_2: autoDraw = False
107.2169 	EXP 	text: autoDraw = True
107.2169 	EXP 	textbox: autoDraw = True
112.4007 	DATA 	Keypress: 4
112.7170 	DATA 	Keypress: 5
112.8670 	DATA 	Keypress: 0
113.9178 	DATA 	Mouse: Left button down, pos=(1056,181)
113.9191 	EXP 	New trial (rep=1, index=1): {'delay': 0.4, 'freq': 1000, 'condition': 'exp'}
113.9337 	EXP 	text: autoDraw = False
113.9337 	EXP 	textbox: autoDraw = False
113.9337 	EXP 	polygon: autoDraw = True
114.0515 	DATA 	Mouse:  Left button up, pos=(1056,181)
114.9332 	EXP 	polygon: autoDraw = False
114.9332 	EXP 	polygon_2: autoDraw = True
115.2520 	DATA 	Keypress: space
115.2667 	EXP 	polygon: autoDraw = False
115.2667 	EXP 	polygon_2: autoDraw = False
115.9667 	EXP 	text: autoDraw = True
115.9667 	EXP 	textbox: autoDraw = True
117.4834 	DATA 	Keypress: 3
117.6336 	DATA 	Keypress: 0
117.8167 	DATA 	Keypress: 0
118.8670 	DATA 	Mouse: Left button down, pos=(1056,181)
118.8683 	EXP 	New trial (rep=1, index=2): {'delay': 0.7, 'freq': 1000, 'condition': 'exp'}
118.8833 	EXP 	text: autoDraw = False
118.8833 	EXP 	textbox: autoDraw = False
118.8833 	EXP 	polygon: autoDraw = True
118.9850 	DATA 	Mouse:  Left button up, pos=(1056,181)
119.8832 	EXP 	polygon: autoDraw = False
119.8832 	EXP 	polygon_2: autoDraw = True
120.8352 	DATA 	Keypress: space
120.8500 	EXP 	polygon: autoDraw = False
120.8500 	EXP 	polygon_2: autoDraw = False
121.8508 	EXP 	text: autoDraw = True
121.8508 	EXP 	textbox: autoDraw = True
125.9334 	DATA 	Keypress: 4
127.7000 	DATA 	Keypress: 7
127.8168 	DATA 	Keypress: 0
128.7679 	DATA 	Mouse: Left button down, pos=(1056,181)
128.7694 	EXP 	New trial (rep=1, index=3): {'delay': 0.1, 'freq': 400, 'condition': 'unexp'}
128.7832 	EXP 	text: autoDraw = False
128.7832 	EXP 	textbox: autoDraw = False
128.7832 	EXP 	polygon: autoDraw = True
128.9018 	DATA 	Mouse:  Left button up, pos=(1056,181)
129.7830 	EXP 	polygon: autoDraw = False
129.7830 	EXP 	polygon_2: autoDraw = True
130.3362 	DATA 	Keypress: space
130.3500 	EXP 	polygon: autoDraw = False
130.3500 	EXP 	polygon_2: autoDraw = False
130.7498 	EXP 	text: autoDraw = True
130.7498 	EXP 	textbox: autoDraw = True
132.8166 	DATA 	Keypress: 2
132.9665 	DATA 	Keypress: 0
133.1210 	DATA 	Keypress: 0
134.4839 	DATA 	Mouse: Left button down, pos=(1056,181)
134.4852 	EXP 	New trial (rep=1, index=4): {'delay': 0.7, 'freq': 1000, 'condition': 'exp'}
134.4997 	EXP 	text: autoDraw = False
134.4997 	EXP 	textbox: autoDraw = False
134.4997 	EXP 	polygon: autoDraw = True
134.6179 	DATA 	Mouse:  Left button up, pos=(1056,181)
135.4994 	EXP 	polygon: autoDraw = False
135.4994 	EXP 	polygon_2: autoDraw = True
136.2850 	DATA 	Keypress: space
136.2995 	EXP 	polygon: autoDraw = False
136.2995 	EXP 	polygon_2: autoDraw = False
137.2996 	EXP 	text: autoDraw = True
137.2996 	EXP 	textbox: autoDraw = True
138.5498 	DATA 	Keypress: 6
138.8003 	DATA 	Keypress: 0
138.9665 	DATA 	Keypress: 0
140.1841 	DATA 	Mouse: Left button down, pos=(1056,181)
140.1853 	EXP 	New trial (rep=1, index=5): {'delay': 0.4, 'freq': 1000, 'condition': 'exp'}
140.1998 	EXP 	text: autoDraw = False
140.1998 	EXP 	textbox: autoDraw = False
140.1998 	EXP 	polygon: autoDraw = True
140.3179 	DATA 	Mouse:  Left button up, pos=(1056,181)
141.1993 	EXP 	polygon: autoDraw = False
141.1993 	EXP 	polygon_2: autoDraw = True
142.2849 	DATA 	Keypress: space
142.2994 	EXP 	polygon: autoDraw = False
142.2994 	EXP 	polygon_2: autoDraw = False
142.9994 	EXP 	text: autoDraw = True
142.9994 	EXP 	textbox: autoDraw = True
145.3838 	DATA 	Keypress: 5
145.5180 	DATA 	Keypress: 0
145.7332 	DATA 	Keypress: 0
146.6839 	DATA 	Mouse: Left button down, pos=(1056,181)
146.6853 	EXP 	New trial (rep=1, index=6): {'delay': 0.1, 'freq': 1000, 'condition': 'exp'}
146.6992 	EXP 	text: autoDraw = False
146.6992 	EXP 	textbox: autoDraw = False
146.6992 	EXP 	polygon: autoDraw = True
146.8008 	DATA 	Mouse:  Left button up, pos=(1056,181)
147.6992 	EXP 	polygon: autoDraw = False
147.6992 	EXP 	polygon_2: autoDraw = True
148.9345 	DATA 	Keypress: space
148.9492 	EXP 	polygon: autoDraw = False
148.9492 	EXP 	polygon_2: autoDraw = False
149.3499 	EXP 	text: autoDraw = True
149.3499 	EXP 	textbox: autoDraw = True
152.8671 	DATA 	Keypress: 4
153.7162 	DATA 	Keypress: 5
153.8998 	DATA 	Keypress: 0
155.0504 	DATA 	Mouse: Left button down, pos=(1056,181)
155.0517 	EXP 	New trial (rep=1, index=7): {'delay': 0.7, 'freq': 1000, 'condition': 'exp'}
155.0658 	EXP 	text: autoDraw = False
155.0658 	EXP 	textbox: autoDraw = False
155.0658 	EXP 	polygon: autoDraw = True
155.1674 	DATA 	Mouse:  Left button up, pos=(1056,181)
156.0658 	EXP 	polygon: autoDraw = False
156.0658 	EXP 	polygon_2: autoDraw = True
156.9345 	DATA 	Keypress: space
156.9491 	EXP 	polygon: autoDraw = False
156.9491 	EXP 	polygon_2: autoDraw = False
157.9490 	EXP 	text: autoDraw = True
157.9490 	EXP 	textbox: autoDraw = True
160.5499 	DATA 	Keypress: 6
160.9002 	DATA 	Keypress: 7
161.0199 	DATA 	Keypress: 0
162.3885 	DATA 	Mouse: Left button down, pos=(1056,181)
162.4005 	EXP 	New trial (rep=1, index=8): {'delay': 0.1, 'freq': 1000, 'condition': 'exp'}
162.4159 	EXP 	text: autoDraw = False
162.4159 	EXP 	textbox: autoDraw = False
162.4159 	EXP 	polygon: autoDraw = True
162.5176 	DATA 	Mouse:  Left button up, pos=(1056,181)
163.4157 	EXP 	polygon: autoDraw = False
163.4157 	EXP 	polygon_2: autoDraw = True
164.4847 	DATA 	Keypress: space
164.4990 	EXP 	polygon: autoDraw = False
164.4990 	EXP 	polygon_2: autoDraw = False
164.8992 	EXP 	text: autoDraw = True
164.8992 	EXP 	textbox: autoDraw = True
167.6493 	DATA 	Keypress: 1
168.4333 	DATA 	Keypress: 5
168.5166 	DATA 	Keypress: 0
169.6329 	DATA 	Mouse: Left button down, pos=(1056,181)
169.6342 	EXP 	New trial (rep=1, index=9): {'delay': 0.1, 'freq': 1000, 'condition': 'exp'}
169.6489 	EXP 	text: autoDraw = False
169.6489 	EXP 	textbox: autoDraw = False
169.6489 	EXP 	polygon: autoDraw = True
169.7672 	DATA 	Mouse:  Left button up, pos=(1056,181)
170.6488 	EXP 	polygon: autoDraw = False
170.6488 	EXP 	polygon_2: autoDraw = True
170.9679 	DATA 	Keypress: space
170.9821 	EXP 	polygon: autoDraw = False
170.9821 	EXP 	polygon_2: autoDraw = False
171.3829 	EXP 	text: autoDraw = True
171.3829 	EXP 	textbox: autoDraw = True
172.4831 	DATA 	Keypress: 1
172.7832 	DATA 	Keypress: 0
172.9660 	DATA 	Keypress: 0
174.2995 	DATA 	Mouse: Left button down, pos=(1056,181)
174.3009 	EXP 	New trial (rep=1, index=10): {'delay': 0.4, 'freq': 400, 'condition': 'unexp'}
174.3157 	EXP 	text: autoDraw = False
174.3157 	EXP 	textbox: autoDraw = False
174.3157 	EXP 	polygon: autoDraw = True
174.4339 	DATA 	Mouse:  Left button up, pos=(1056,181)
175.3155 	EXP 	polygon: autoDraw = False
175.3155 	EXP 	polygon_2: autoDraw = True
176.2343 	DATA 	Keypress: space
176.2486 	EXP 	polygon: autoDraw = False
176.2486 	EXP 	polygon_2: autoDraw = False
176.9485 	EXP 	text: autoDraw = True
176.9485 	EXP 	textbox: autoDraw = True
178.1547 	DATA 	Keypress: 4
178.4327 	DATA 	Keypress: 0
178.6324 	DATA 	Keypress: 0
179.9328 	DATA 	Mouse: Left button down, pos=(1056,181)
179.9341 	EXP 	New trial (rep=1, index=11): {'delay': 0.7, 'freq': 400, 'condition': 'unexp'}
179.9487 	EXP 	text: autoDraw = False
179.9487 	EXP 	textbox: autoDraw = False
179.9487 	EXP 	polygon: autoDraw = True
180.0670 	DATA 	Mouse:  Left button up, pos=(1056,181)
180.9486 	EXP 	polygon: autoDraw = False
180.9486 	EXP 	polygon_2: autoDraw = True
182.2341 	DATA 	Keypress: space
182.2486 	EXP 	polygon: autoDraw = False
182.2486 	EXP 	polygon_2: autoDraw = False
183.2486 	EXP 	text: autoDraw = True
183.2486 	EXP 	textbox: autoDraw = True
185.2365 	DATA 	Keypress: 7
185.4697 	DATA 	Keypress: 0
185.6366 	DATA 	Keypress: 0
186.9326 	DATA 	Mouse: Left button down, pos=(1056,181)
186.9339 	EXP 	New trial (rep=2, index=0): {'delay': 0.4, 'freq': 1000, 'condition': 'exp'}
186.9486 	EXP 	text: autoDraw = False
186.9486 	EXP 	textbox: autoDraw = False
186.9486 	EXP 	polygon: autoDraw = True
187.0670 	DATA 	Mouse:  Left button up, pos=(1056,181)
187.9485 	EXP 	polygon: autoDraw = False
187.9485 	EXP 	polygon_2: autoDraw = True
188.8675 	DATA 	Keypress: space
188.8818 	EXP 	polygon: autoDraw = False
188.8818 	EXP 	polygon_2: autoDraw = False
189.5818 	EXP 	text: autoDraw = True
189.5818 	EXP 	textbox: autoDraw = True
190.7492 	DATA 	Keypress: 3
191.0694 	DATA 	Keypress: 5
191.2488 	DATA 	Keypress: 0
192.2201 	DATA 	Mouse: Left button down, pos=(1056,181)
192.2331 	EXP 	New trial (rep=2, index=1): {'delay': 0.4, 'freq': 1000, 'condition': 'exp'}
192.2484 	EXP 	text: autoDraw = False
192.2484 	EXP 	textbox: autoDraw = False
192.2484 	EXP 	polygon: autoDraw = True
192.3504 	DATA 	Mouse:  Left button up, pos=(1056,181)
193.2485 	EXP 	polygon: autoDraw = False
193.2485 	EXP 	polygon_2: autoDraw = True
193.5505 	DATA 	Keypress: space
193.5653 	EXP 	polygon: autoDraw = False
193.5653 	EXP 	polygon_2: autoDraw = False
194.2653 	EXP 	text: autoDraw = True
194.2653 	EXP 	textbox: autoDraw = True
196.8700 	DATA 	Keypress: 3
196.9832 	DATA 	Keypress: 0
197.1991 	DATA 	Keypress: 0
198.3673 	DATA 	Mouse: Left button down, pos=(1056,181)
198.3686 	EXP 	New trial (rep=2, index=2): {'delay': 0.1, 'freq': 1000, 'condition': 'exp'}
198.3824 	EXP 	text: autoDraw = False
198.3824 	EXP 	textbox: autoDraw = False
198.3824 	EXP 	polygon: autoDraw = True
198.4835 	DATA 	Mouse:  Left button up, pos=(1056,181)
199.3817 	EXP 	polygon: autoDraw = False
199.3817 	EXP 	polygon_2: autoDraw = True
199.7175 	DATA 	Keypress: space
199.7317 	EXP 	polygon: autoDraw = False
199.7317 	EXP 	polygon_2: autoDraw = False
200.1317 	EXP 	text: autoDraw = True
200.1317 	EXP 	textbox: autoDraw = True
202.0858 	DATA 	Keypress: 1
202.1994 	DATA 	Keypress: 0
202.3988 	DATA 	Keypress: 0
206.4863 	DATA 	Mouse: Left button down, pos=(1056,181)
206.4997 	EXP 	New trial (rep=2, index=3): {'delay': 0.7, 'freq': 1000, 'condition': 'exp'}
206.5151 	EXP 	text: autoDraw = False
206.5151 	EXP 	textbox: autoDraw = False
206.5151 	EXP 	polygon: autoDraw = True
206.6167 	DATA 	Mouse:  Left button up, pos=(1056,181)
207.5151 	EXP 	polygon: autoDraw = False
207.5151 	EXP 	polygon_2: autoDraw = True
208.1337 	DATA 	Keypress: space
208.1484 	EXP 	polygon: autoDraw = False
208.1484 	EXP 	polygon_2: autoDraw = False
209.1481 	EXP 	text: autoDraw = True
209.1481 	EXP 	textbox: autoDraw = True
210.1195 	DATA 	Keypress: 3
212.0317 	DATA 	Keypress: 5
212.1536 	DATA 	Keypress: 0
213.4157 	DATA 	Keypress: backspace
213.5818 	DATA 	Keypress: backspace
213.7691 	DATA 	Keypress: backspace
214.5361 	DATA 	Keypress: 2
214.7819 	DATA 	Keypress: 0
214.9489 	DATA 	Keypress: 0
216.7326 	DATA 	Mouse: Left button down, pos=(1055,181)
216.7339 	EXP 	New trial (rep=2, index=4): {'delay': 0.1, 'freq': 1000, 'condition': 'exp'}
216.7480 	EXP 	text: autoDraw = False
216.7480 	EXP 	textbox: autoDraw = False
216.7480 	EXP 	polygon: autoDraw = True
216.8669 	DATA 	Mouse:  Left button up, pos=(1055,181)
217.7479 	EXP 	polygon: autoDraw = False
217.7479 	EXP 	polygon_2: autoDraw = True
218.3504 	DATA 	Keypress: space
218.3652 	EXP 	polygon: autoDraw = False
218.3652 	EXP 	polygon_2: autoDraw = False
218.7652 	EXP 	text: autoDraw = True
218.7652 	EXP 	textbox: autoDraw = True
220.7187 	DATA 	Keypress: 2
221.0490 	DATA 	Keypress: 5
221.2025 	DATA 	Keypress: 0
222.4035 	DATA 	Mouse: Left button down, pos=(1055,181)
222.4165 	EXP 	New trial (rep=2, index=5): {'delay': 0.4, 'freq': 1000, 'condition': 'exp'}
222.4313 	EXP 	text: autoDraw = False
222.4313 	EXP 	textbox: autoDraw = False
222.4313 	EXP 	polygon: autoDraw = True
222.5329 	DATA 	Mouse:  Left button up, pos=(1055,181)
223.4311 	EXP 	polygon: autoDraw = False
223.4311 	EXP 	polygon_2: autoDraw = True
230.0665 	DATA 	Keypress: space
230.0811 	EXP 	polygon: autoDraw = False
230.0811 	EXP 	polygon_2: autoDraw = False
230.7812 	EXP 	text: autoDraw = True
230.7812 	EXP 	textbox: autoDraw = True
231.8655 	DATA 	Keypress: 2
232.2354 	DATA 	Keypress: 5
232.4018 	DATA 	Keypress: 0
233.8327 	DATA 	Mouse: Left button down, pos=(1055,181)
233.8348 	EXP 	New trial (rep=2, index=6): {'delay': 0.4, 'freq': 400, 'condition': 'unexp'}
233.8482 	EXP 	text: autoDraw = False
233.8482 	EXP 	textbox: autoDraw = False
233.8482 	EXP 	polygon: autoDraw = True
233.9493 	DATA 	Mouse:  Left button up, pos=(1055,181)
234.8482 	EXP 	polygon: autoDraw = False
234.8482 	EXP 	polygon_2: autoDraw = True
235.6832 	DATA 	Keypress: space
235.6986 	EXP 	polygon: autoDraw = False
235.6986 	EXP 	polygon_2: autoDraw = False
236.3977 	EXP 	text: autoDraw = True
236.3977 	EXP 	textbox: autoDraw = True
237.5322 	DATA 	Keypress: 3
237.7983 	DATA 	Keypress: 0
237.9982 	DATA 	Keypress: 0
239.7235 	DATA 	Mouse: Left button down, pos=(1055,180)
239.7336 	EXP 	New trial (rep=2, index=7): {'delay': 0.7, 'freq': 1000, 'condition': 'exp'}
239.7481 	EXP 	text: autoDraw = False
239.7481 	EXP 	textbox: autoDraw = False
239.7481 	EXP 	polygon: autoDraw = True
239.8499 	DATA 	Mouse:  Left button up, pos=(1055,180)
240.7477 	EXP 	polygon: autoDraw = False
240.7477 	EXP 	polygon_2: autoDraw = True
241.2838 	DATA 	Keypress: space
241.2978 	EXP 	polygon: autoDraw = False
241.2978 	EXP 	polygon_2: autoDraw = False
242.2976 	EXP 	text: autoDraw = True
242.2976 	EXP 	textbox: autoDraw = True
245.9183 	DATA 	Keypress: 4
246.0320 	DATA 	Keypress: 0
246.2149 	DATA 	Keypress: 0
247.5211 	DATA 	Mouse: Left button down, pos=(1055,180)
247.5330 	EXP 	New trial (rep=2, index=8): {'delay': 0.7, 'freq': 1000, 'condition': 'exp'}
247.5476 	EXP 	text: autoDraw = False
247.5476 	EXP 	textbox: autoDraw = False
247.5476 	EXP 	polygon: autoDraw = True
247.6495 	DATA 	Mouse:  Left button up, pos=(1055,180)
248.5475 	EXP 	polygon: autoDraw = False
248.5475 	EXP 	polygon_2: autoDraw = True
249.0326 	DATA 	Keypress: space
249.0643 	EXP 	polygon: autoDraw = False
249.0643 	EXP 	polygon_2: autoDraw = False
250.0642 	EXP 	text: autoDraw = True
250.0642 	EXP 	textbox: autoDraw = True
251.7521 	DATA 	Keypress: 1
251.9477 	DATA 	Keypress: 0
252.1313 	DATA 	Keypress: 0
253.6649 	DATA 	Mouse: Left button down, pos=(1055,180)
253.6664 	EXP 	New trial (rep=2, index=9): {'delay': 0.7, 'freq': 400, 'condition': 'unexp'}
253.6807 	EXP 	text: autoDraw = False
253.6807 	EXP 	textbox: autoDraw = False
253.6807 	EXP 	polygon: autoDraw = True
253.7988 	DATA 	Mouse:  Left button up, pos=(1055,180)
254.6809 	EXP 	polygon: autoDraw = False
254.6809 	EXP 	polygon_2: autoDraw = True
255.1829 	DATA 	Keypress: space
255.1976 	EXP 	polygon: autoDraw = False
255.1976 	EXP 	polygon_2: autoDraw = False
256.1809 	EXP 	text: autoDraw = True
256.1809 	EXP 	textbox: autoDraw = True
257.3687 	DATA 	Keypress: 2
260.2853 	DATA 	Keypress: backspace
260.5523 	DATA 	Keypress: 1
261.4685 	DATA 	Keypress: 0
261.8981 	DATA 	Keypress: backspace
262.1978 	DATA 	Keypress: 5
262.3480 	DATA 	Keypress: 0
263.7152 	DATA 	Mouse: Left button down, pos=(1055,180)
263.7166 	EXP 	New trial (rep=2, index=10): {'delay': 0.1, 'freq': 400, 'condition': 'unexp'}
263.7310 	EXP 	text: autoDraw = False
263.7310 	EXP 	textbox: autoDraw = False
263.7310 	EXP 	polygon: autoDraw = True
263.8486 	DATA 	Mouse:  Left button up, pos=(1055,180)
264.7306 	EXP 	polygon: autoDraw = False
264.7306 	EXP 	polygon_2: autoDraw = True
267.2825 	DATA 	Keypress: space
267.2971 	EXP 	polygon: autoDraw = False
267.2971 	EXP 	polygon_2: autoDraw = False
267.6806 	EXP 	text: autoDraw = True
267.6806 	EXP 	textbox: autoDraw = True
268.9849 	DATA 	Keypress: 1
269.0817 	DATA 	Keypress: 0
269.2642 	DATA 	Keypress: 0
270.3482 	DATA 	Mouse: Left button down, pos=(1055,180)
270.3495 	EXP 	New trial (rep=2, index=11): {'delay': 0.1, 'freq': 1000, 'condition': 'exp'}
270.3645 	EXP 	text: autoDraw = False
270.3645 	EXP 	textbox: autoDraw = False
270.3645 	EXP 	polygon: autoDraw = True
270.4824 	DATA 	Mouse:  Left button up, pos=(1055,180)
271.3644 	EXP 	polygon: autoDraw = False
271.3644 	EXP 	polygon_2: autoDraw = True
273.5493 	DATA 	Keypress: space
273.5637 	EXP 	polygon: autoDraw = False
273.5637 	EXP 	polygon_2: autoDraw = False
273.9637 	EXP 	text: autoDraw = True
273.9637 	EXP 	textbox: autoDraw = True
275.3809 	DATA 	Keypress: 1
275.9309 	DATA 	Keypress: 5
276.1482 	DATA 	Keypress: 0
277.0982 	DATA 	Mouse: Left button down, pos=(1055,180)
277.0995 	EXP 	New trial (rep=3, index=0): {'delay': 0.1, 'freq': 1000, 'condition': 'exp'}
277.1138 	EXP 	text: autoDraw = False
277.1138 	EXP 	textbox: autoDraw = False
277.1138 	EXP 	polygon: autoDraw = True
277.2318 	DATA 	Mouse:  Left button up, pos=(1055,180)
278.1136 	EXP 	polygon: autoDraw = False
278.1136 	EXP 	polygon_2: autoDraw = True
280.9825 	DATA 	Keypress: space
280.9971 	EXP 	polygon: autoDraw = False
280.9971 	EXP 	polygon_2: autoDraw = False
281.3976 	EXP 	text: autoDraw = True
281.3976 	EXP 	textbox: autoDraw = True
282.4186 	DATA 	Keypress: 1
282.5474 	DATA 	Keypress: 0
282.7141 	DATA 	Keypress: 0
283.9688 	DATA 	Mouse: Left button down, pos=(1055,180)
283.9820 	EXP 	New trial (rep=3, index=1): {'delay': 0.1, 'freq': 1000, 'condition': 'exp'}
283.9970 	EXP 	text: autoDraw = False
283.9970 	EXP 	textbox: autoDraw = False
283.9970 	EXP 	polygon: autoDraw = True
284.0990 	DATA 	Mouse:  Left button up, pos=(1055,180)
284.9975 	EXP 	polygon: autoDraw = False
284.9975 	EXP 	polygon_2: autoDraw = True
286.9324 	DATA 	Keypress: space
286.9469 	EXP 	polygon: autoDraw = False
286.9469 	EXP 	polygon_2: autoDraw = False
287.3472 	EXP 	text: autoDraw = True
287.3472 	EXP 	textbox: autoDraw = True
289.0350 	DATA 	Keypress: 1
289.5348 	DATA 	Keypress: 5
289.6675 	DATA 	Keypress: 0
290.9482 	DATA 	Mouse: Left button down, pos=(1055,180)
290.9494 	EXP 	New trial (rep=3, index=2): {'delay': 0.1, 'freq': 1000, 'condition': 'exp'}
290.9636 	EXP 	text: autoDraw = False
290.9636 	EXP 	textbox: autoDraw = False
290.9636 	EXP 	polygon: autoDraw = True
291.0816 	DATA 	Mouse:  Left button up, pos=(1055,180)
291.9634 	EXP 	polygon: autoDraw = False
291.9634 	EXP 	polygon_2: autoDraw = True
292.3333 	DATA 	Keypress: space
292.3474 	EXP 	polygon: autoDraw = False
292.3474 	EXP 	polygon_2: autoDraw = False
292.7467 	EXP 	text: autoDraw = True
292.7467 	EXP 	textbox: autoDraw = True
293.9479 	DATA 	Keypress: 2
294.0974 	DATA 	Keypress: 0
294.7471 	DATA 	Keypress: 0
295.9349 	DATA 	Mouse: Left button down, pos=(1055,180)
295.9488 	EXP 	New trial (rep=3, index=3): {'delay': 0.7, 'freq': 1000, 'condition': 'exp'}
295.9637 	EXP 	text: autoDraw = False
295.9637 	EXP 	textbox: autoDraw = False
295.9637 	EXP 	polygon: autoDraw = True
296.0652 	DATA 	Mouse:  Left button up, pos=(1055,180)
296.9635 	EXP 	polygon: autoDraw = False
296.9635 	EXP 	polygon_2: autoDraw = True
297.4320 	DATA 	Keypress: space
297.4465 	EXP 	polygon: autoDraw = False
297.4465 	EXP 	polygon_2: autoDraw = False
298.4469 	EXP 	text: autoDraw = True
298.4469 	EXP 	textbox: autoDraw = True
299.2143 	DATA 	Keypress: 4
300.2016 	DATA 	Keypress: 5
300.3176 	DATA 	Keypress: 0
301.3150 	DATA 	Mouse: Left button down, pos=(1055,180)
301.3163 	EXP 	New trial (rep=3, index=4): {'delay': 0.7, 'freq': 400, 'condition': 'unexp'}
301.3308 	EXP 	text: autoDraw = False
301.3308 	EXP 	textbox: autoDraw = False
301.3308 	EXP 	polygon: autoDraw = True
301.4315 	DATA 	Mouse:  Left button up, pos=(1055,180)
302.3298 	EXP 	polygon: autoDraw = False
302.3298 	EXP 	polygon_2: autoDraw = True
304.9492 	DATA 	Keypress: space
304.9649 	EXP 	polygon: autoDraw = False
304.9649 	EXP 	polygon_2: autoDraw = False
305.9632 	EXP 	text: autoDraw = True
305.9632 	EXP 	textbox: autoDraw = True
307.6312 	DATA 	Keypress: 7
308.4510 	DATA 	Keypress: 5
308.8514 	DATA 	Keypress: 0
310.0969 	DATA 	Mouse: Left button down, pos=(1055,180)
310.0983 	EXP 	New trial (rep=3, index=5): {'delay': 0.4, 'freq': 1000, 'condition': 'exp'}
310.1132 	EXP 	text: autoDraw = False
310.1132 	EXP 	textbox: autoDraw = False
310.1132 	EXP 	polygon: autoDraw = True
310.2315 	DATA 	Mouse:  Left button up, pos=(1055,180)
311.1131 	EXP 	polygon: autoDraw = False
311.1131 	EXP 	polygon_2: autoDraw = True
311.7483 	DATA 	Keypress: space
311.7632 	EXP 	polygon: autoDraw = False
311.7632 	EXP 	polygon_2: autoDraw = False
312.4632 	EXP 	text: autoDraw = True
312.4632 	EXP 	textbox: autoDraw = True
314.1307 	DATA 	Keypress: 2
314.2340 	DATA 	Keypress: 0
314.4339 	DATA 	Keypress: 0
315.6019 	DATA 	Mouse: Left button down, pos=(1055,180)
315.6147 	EXP 	New trial (rep=3, index=6): {'delay': 0.7, 'freq': 1000, 'condition': 'exp'}
315.6297 	EXP 	text: autoDraw = False
315.6297 	EXP 	textbox: autoDraw = False
315.6297 	EXP 	polygon: autoDraw = True
315.7315 	DATA 	Mouse:  Left button up, pos=(1055,180)
316.6298 	EXP 	polygon: autoDraw = False
316.6298 	EXP 	polygon_2: autoDraw = True
316.9153 	DATA 	Keypress: space
316.9297 	EXP 	polygon: autoDraw = False
316.9297 	EXP 	polygon_2: autoDraw = False
317.9297 	EXP 	text: autoDraw = True
317.9297 	EXP 	textbox: autoDraw = True
318.9632 	DATA 	Keypress: 1
320.3681 	DATA 	Keypress: backspace
320.6634 	DATA 	Keypress: 2
321.2511 	DATA 	Keypress: 5
321.4140 	DATA 	Keypress: 0
322.3369 	DATA 	Mouse: Left button down, pos=(1055,180)
322.3481 	EXP 	New trial (rep=3, index=7): {'delay': 0.4, 'freq': 1000, 'condition': 'exp'}
322.3635 	EXP 	text: autoDraw = False
322.3635 	EXP 	textbox: autoDraw = False
322.3635 	EXP 	polygon: autoDraw = True
322.4644 	DATA 	Mouse:  Left button up, pos=(1055,180)
322.6479 	DATA 	Mouse: Left button down, pos=(1055,180)
322.7643 	DATA 	Mouse:  Left button up, pos=(1055,180)
323.3628 	EXP 	polygon: autoDraw = False
323.3628 	EXP 	polygon_2: autoDraw = True
324.0323 	DATA 	Keypress: space
324.0464 	EXP 	polygon: autoDraw = False
324.0464 	EXP 	polygon_2: autoDraw = False
324.7460 	EXP 	text: autoDraw = True
324.7460 	EXP 	textbox: autoDraw = True
325.9141 	DATA 	Keypress: 3
326.3368 	DATA 	Keypress: 5
326.4964 	DATA 	Keypress: 0
327.7813 	DATA 	Mouse: Left button down, pos=(1055,180)
327.7834 	EXP 	New trial (rep=3, index=8): {'delay': 0.1, 'freq': 400, 'condition': 'unexp'}
327.7966 	EXP 	text: autoDraw = False
327.7966 	EXP 	textbox: autoDraw = False
327.7966 	EXP 	polygon: autoDraw = True
327.9156 	DATA 	Mouse:  Left button up, pos=(1055,180)
328.7961 	EXP 	polygon: autoDraw = False
328.7961 	EXP 	polygon_2: autoDraw = True
329.4651 	DATA 	Keypress: space
329.4799 	EXP 	polygon: autoDraw = False
329.4799 	EXP 	polygon_2: autoDraw = False
329.8794 	EXP 	text: autoDraw = True
329.8794 	EXP 	textbox: autoDraw = True
330.8132 	DATA 	Keypress: 4
331.1132 	DATA 	Keypress: 0
331.2843 	DATA 	Keypress: 0
332.7802 	DATA 	Mouse: Left button down, pos=(1055,180)
332.7816 	EXP 	New trial (rep=3, index=9): {'delay': 0.7, 'freq': 1000, 'condition': 'exp'}
332.7962 	EXP 	text: autoDraw = False
332.7962 	EXP 	textbox: autoDraw = False
332.7962 	EXP 	polygon: autoDraw = True
332.9146 	DATA 	Mouse:  Left button up, pos=(1055,180)
333.7960 	EXP 	polygon: autoDraw = False
333.7960 	EXP 	polygon_2: autoDraw = True
334.5816 	DATA 	Keypress: space
334.5961 	EXP 	polygon: autoDraw = False
334.5961 	EXP 	polygon_2: autoDraw = False
335.5795 	EXP 	text: autoDraw = True
335.5795 	EXP 	textbox: autoDraw = True
337.5633 	DATA 	Keypress: 2
340.2629 	DATA 	Keypress: backspace
340.3961 	DATA 	Keypress: 3
340.5631 	DATA 	Keypress: 0
340.7307 	DATA 	Keypress: 0
342.0974 	DATA 	Mouse: Left button down, pos=(1055,180)
342.0987 	EXP 	New trial (rep=3, index=10): {'delay': 0.4, 'freq': 1000, 'condition': 'exp'}
342.1127 	EXP 	text: autoDraw = False
342.1127 	EXP 	textbox: autoDraw = False
342.1127 	EXP 	polygon: autoDraw = True
342.2306 	DATA 	Mouse:  Left button up, pos=(1055,180)
343.1123 	EXP 	polygon: autoDraw = False
343.1123 	EXP 	polygon_2: autoDraw = True
344.1478 	DATA 	Keypress: space
344.1627 	EXP 	polygon: autoDraw = False
344.1627 	EXP 	polygon_2: autoDraw = False
344.8458 	EXP 	text: autoDraw = True
344.8458 	EXP 	textbox: autoDraw = True
347.0798 	DATA 	Keypress: 2
347.6472 	DATA 	Keypress: 0
347.8134 	DATA 	Keypress: 0
349.1631 	DATA 	Mouse: Left button down, pos=(1055,180)
349.1644 	EXP 	New trial (rep=3, index=11): {'delay': 0.4, 'freq': 400, 'condition': 'unexp'}
349.1790 	EXP 	text: autoDraw = False
349.1790 	EXP 	textbox: autoDraw = False
349.1790 	EXP 	polygon: autoDraw = True
349.2973 	DATA 	Mouse:  Left button up, pos=(1055,180)
350.1790 	EXP 	polygon: autoDraw = False
350.1790 	EXP 	polygon_2: autoDraw = True
350.6311 	DATA 	Keypress: space
350.6458 	EXP 	polygon: autoDraw = False
350.6458 	EXP 	polygon_2: autoDraw = False
351.3464 	EXP 	text: autoDraw = True
351.3464 	EXP 	textbox: autoDraw = True
352.5799 	DATA 	Keypress: 1
352.8968 	DATA 	Keypress: 0
353.0628 	DATA 	Keypress: 0
354.2169 	DATA 	Mouse: Left button down, pos=(1055,180)
354.2311 	EXP 	New trial (rep=4, index=0): {'delay': 0.1, 'freq': 1000, 'condition': 'exp'}
354.2461 	EXP 	text: autoDraw = False
354.2461 	EXP 	textbox: autoDraw = False
354.2461 	EXP 	polygon: autoDraw = True
354.3477 	DATA 	Mouse:  Left button up, pos=(1055,180)
355.2458 	EXP 	polygon: autoDraw = False
355.2458 	EXP 	polygon_2: autoDraw = True
355.9977 	DATA 	Keypress: space
356.0122 	EXP 	polygon: autoDraw = False
356.0122 	EXP 	polygon_2: autoDraw = False
356.4121 	EXP 	text: autoDraw = True
356.4121 	EXP 	textbox: autoDraw = True
359.4293 	DATA 	Keypress: 3
359.5961 	DATA 	Keypress: 0
359.7793 	DATA 	Keypress: 0
361.2461 	DATA 	Keypress: backspace
361.5124 	DATA 	Keypress: backspace
361.7462 	DATA 	Keypress: backspace
362.6293 	DATA 	Keypress: 2
362.7293 	DATA 	Keypress: 0
362.9125 	DATA 	Keypress: 0
364.3363 	DATA 	Mouse: Left button down, pos=(1055,180)
364.3479 	EXP 	New trial (rep=4, index=1): {'delay': 0.4, 'freq': 1000, 'condition': 'exp'}
364.3627 	EXP 	text: autoDraw = False
364.3627 	EXP 	textbox: autoDraw = False
364.3627 	EXP 	polygon: autoDraw = True
364.4637 	DATA 	Mouse:  Left button up, pos=(1055,180)
365.3622 	EXP 	polygon: autoDraw = False
365.3622 	EXP 	polygon_2: autoDraw = True
366.1641 	DATA 	Keypress: space
366.1786 	EXP 	polygon: autoDraw = False
366.1786 	EXP 	polygon_2: autoDraw = False
366.8956 	EXP 	text: autoDraw = True
366.8956 	EXP 	textbox: autoDraw = True
368.1631 	DATA 	Keypress: 2
368.5967 	DATA 	Keypress: 5
368.7167 	DATA 	Keypress: 0
369.9128 	DATA 	Mouse: Left button down, pos=(1055,180)
369.9141 	EXP 	New trial (rep=4, index=2): {'delay': 0.7, 'freq': 1000, 'condition': 'exp'}
369.9291 	EXP 	text: autoDraw = False
369.9291 	EXP 	textbox: autoDraw = False
369.9291 	EXP 	polygon: autoDraw = True
370.0471 	DATA 	Mouse:  Left button up, pos=(1055,180)
370.9285 	EXP 	polygon: autoDraw = False
370.9285 	EXP 	polygon_2: autoDraw = True
371.3810 	DATA 	Keypress: space
371.3957 	EXP 	polygon: autoDraw = False
371.3957 	EXP 	polygon_2: autoDraw = False
372.3954 	EXP 	text: autoDraw = True
372.3954 	EXP 	textbox: autoDraw = True
373.7998 	DATA 	Keypress: 3
374.1458 	DATA 	Keypress: 0
374.3462 	DATA 	Keypress: 0
375.4797 	DATA 	Mouse: Left button down, pos=(1055,180)
375.4813 	EXP 	New trial (rep=4, index=3): {'delay': 0.7, 'freq': 1000, 'condition': 'exp'}
375.4958 	EXP 	text: autoDraw = False
375.4958 	EXP 	textbox: autoDraw = False
375.4958 	EXP 	polygon: autoDraw = True
375.6137 	DATA 	Mouse:  Left button up, pos=(1055,180)
376.4953 	EXP 	polygon: autoDraw = False
376.4953 	EXP 	polygon_2: autoDraw = True
377.2141 	DATA 	Keypress: space
377.2285 	EXP 	polygon: autoDraw = False
377.2285 	EXP 	polygon_2: autoDraw = False
378.2285 	EXP 	text: autoDraw = True
378.2285 	EXP 	textbox: autoDraw = True
379.4973 	DATA 	Keypress: 4
379.8629 	DATA 	Keypress: 5
380.0296 	DATA 	Keypress: 0
381.0456 	DATA 	Mouse: Left button down, pos=(1055,180)
381.0470 	EXP 	New trial (rep=4, index=4): {'delay': 0.1, 'freq': 400, 'condition': 'unexp'}
381.0620 	EXP 	text: autoDraw = False
381.0620 	EXP 	textbox: autoDraw = False
381.0620 	EXP 	polygon: autoDraw = True
381.1799 	DATA 	Mouse:  Left button up, pos=(1055,180)
382.0619 	EXP 	polygon: autoDraw = False
382.0619 	EXP 	polygon_2: autoDraw = True
383.6475 	DATA 	Keypress: space
383.6617 	EXP 	polygon: autoDraw = False
383.6617 	EXP 	polygon_2: autoDraw = False
384.0619 	EXP 	text: autoDraw = True
384.0619 	EXP 	textbox: autoDraw = True
384.9496 	DATA 	Keypress: 1
385.2663 	DATA 	Keypress: 0
385.4291 	DATA 	Keypress: 0
386.5660 	DATA 	Mouse: Left button down, pos=(1055,180)
386.5801 	EXP 	New trial (rep=4, index=5): {'delay': 0.7, 'freq': 400, 'condition': 'unexp'}
386.5953 	EXP 	text: autoDraw = False
386.5953 	EXP 	textbox: autoDraw = False
386.5953 	EXP 	polygon: autoDraw = True
386.6968 	DATA 	Mouse:  Left button up, pos=(1055,180)
387.5951 	EXP 	polygon: autoDraw = False
387.5951 	EXP 	polygon_2: autoDraw = True
388.0639 	DATA 	Keypress: space
388.0784 	EXP 	polygon: autoDraw = False
388.0784 	EXP 	polygon_2: autoDraw = False
389.0784 	EXP 	text: autoDraw = True
389.0784 	EXP 	textbox: autoDraw = True
391.0624 	DATA 	Keypress: 4
391.2832 	DATA 	Keypress: 5
391.4326 	DATA 	Keypress: 0
392.1291 	DATA 	Keypress: backspace
392.2994 	DATA 	Keypress: backspace
393.0286 	DATA 	Keypress: 0
393.1620 	DATA 	Keypress: 0
394.3290 	DATA 	Mouse: Left button down, pos=(1055,180)
394.3308 	EXP 	New trial (rep=4, index=6): {'delay': 0.7, 'freq': 1000, 'condition': 'exp'}
394.3454 	EXP 	text: autoDraw = False
394.3454 	EXP 	textbox: autoDraw = False
394.3454 	EXP 	polygon: autoDraw = True
394.4632 	DATA 	Mouse:  Left button up, pos=(1055,180)
395.3451 	EXP 	polygon: autoDraw = False
395.3451 	EXP 	polygon_2: autoDraw = True
396.6803 	DATA 	Keypress: space
396.6949 	EXP 	polygon: autoDraw = False
396.6949 	EXP 	polygon_2: autoDraw = False
397.6781 	EXP 	text: autoDraw = True
397.6781 	EXP 	textbox: autoDraw = True
399.3621 	DATA 	Keypress: 6
399.7790 	DATA 	Keypress: 0
399.9292 	DATA 	Keypress: 0
401.2453 	DATA 	Mouse: Left button down, pos=(1055,180)
401.2466 	EXP 	New trial (rep=4, index=7): {'delay': 0.4, 'freq': 1000, 'condition': 'exp'}
401.2617 	EXP 	text: autoDraw = False
401.2617 	EXP 	textbox: autoDraw = False
401.2617 	EXP 	polygon: autoDraw = True
401.3796 	DATA 	Mouse:  Left button up, pos=(1055,180)
402.2615 	EXP 	polygon: autoDraw = False
402.2615 	EXP 	polygon_2: autoDraw = True
402.8478 	DATA 	Keypress: space
402.8621 	EXP 	polygon: autoDraw = False
402.8621 	EXP 	polygon_2: autoDraw = False
403.5615 	EXP 	text: autoDraw = True
403.5615 	EXP 	textbox: autoDraw = True
405.3959 	DATA 	Keypress: 1
405.6617 	DATA 	Keypress: 0
405.8285 	DATA 	Keypress: 0
406.9120 	DATA 	Mouse: Left button down, pos=(1055,180)
406.9133 	EXP 	New trial (rep=4, index=8): {'delay': 0.4, 'freq': 400, 'condition': 'unexp'}
406.9282 	EXP 	text: autoDraw = False
406.9282 	EXP 	textbox: autoDraw = False
406.9282 	EXP 	polygon: autoDraw = True
407.0299 	DATA 	Mouse:  Left button up, pos=(1055,180)
407.9280 	EXP 	polygon: autoDraw = False
407.9280 	EXP 	polygon_2: autoDraw = True
408.2967 	DATA 	Keypress: space
408.3114 	EXP 	polygon: autoDraw = False
408.3114 	EXP 	polygon_2: autoDraw = False
409.0134 	EXP 	text: autoDraw = True
409.0134 	EXP 	textbox: autoDraw = True
411.4633 	DATA 	Keypress: 3
411.5784 	DATA 	Keypress: 0
411.7451 	DATA 	Keypress: 0
412.8294 	DATA 	Mouse: Left button down, pos=(1055,180)
412.8308 	EXP 	New trial (rep=4, index=9): {'delay': 0.4, 'freq': 1000, 'condition': 'exp'}
412.8454 	EXP 	text: autoDraw = False
412.8454 	EXP 	textbox: autoDraw = False
412.8454 	EXP 	polygon: autoDraw = True
412.9629 	DATA 	Mouse:  Left button up, pos=(1055,180)
413.8446 	EXP 	polygon: autoDraw = False
413.8446 	EXP 	polygon_2: autoDraw = True
414.0145 	DATA 	Keypress: space
414.0283 	EXP 	polygon: autoDraw = False
414.0283 	EXP 	polygon_2: autoDraw = False
414.7279 	EXP 	text: autoDraw = True
414.7279 	EXP 	textbox: autoDraw = True
416.3786 	DATA 	Keypress: 2
416.4623 	DATA 	Keypress: 0
416.6452 	DATA 	Keypress: 0
417.8463 	DATA 	Mouse: Left button down, pos=(1055,180)
417.8477 	EXP 	New trial (rep=4, index=10): {'delay': 0.1, 'freq': 1000, 'condition': 'exp'}
417.8619 	EXP 	text: autoDraw = False
417.8619 	EXP 	textbox: autoDraw = False
417.8619 	EXP 	polygon: autoDraw = True
417.9797 	DATA 	Mouse:  Left button up, pos=(1055,180)
418.8615 	EXP 	polygon: autoDraw = False
418.8615 	EXP 	polygon_2: autoDraw = True
419.5466 	DATA 	Keypress: space
419.5612 	EXP 	polygon: autoDraw = False
419.5612 	EXP 	polygon_2: autoDraw = False
419.9609 	EXP 	text: autoDraw = True
419.9609 	EXP 	textbox: autoDraw = True
421.1113 	DATA 	Keypress: 1
421.2787 	DATA 	Keypress: 0
421.4447 	DATA 	Keypress: 0
422.7117 	DATA 	Mouse: Left button down, pos=(1055,180)
422.7131 	EXP 	New trial (rep=4, index=11): {'delay': 0.1, 'freq': 1000, 'condition': 'exp'}
422.7278 	EXP 	text: autoDraw = False
422.7278 	EXP 	textbox: autoDraw = False
422.7278 	EXP 	polygon: autoDraw = True
422.8460 	DATA 	Mouse:  Left button up, pos=(1055,180)
423.7279 	EXP 	polygon: autoDraw = False
423.7279 	EXP 	polygon_2: autoDraw = True
426.3964 	DATA 	Keypress: space
426.4111 	EXP 	polygon: autoDraw = False
426.4111 	EXP 	polygon_2: autoDraw = False
426.8111 	EXP 	text: autoDraw = True
426.8111 	EXP 	textbox: autoDraw = True
428.1785 	DATA 	Keypress: 1
428.9781 	DATA 	Keypress: 5
429.0947 	DATA 	Keypress: 0
430.2116 	DATA 	Mouse: Left button down, pos=(1055,180)
430.2276 	EXP 	text: autoDraw = False
430.2276 	EXP 	textbox: autoDraw = False
430.3821 	EXP 	window1: mouseVisible = True
